{"/home/altf4/Code/Omniscience/omniscience/core/gamestate.tsx": {"path":"/home/altf4/Code/Omniscience/omniscience/core/gamestate.tsx","statementMap":{"0":{"start":{"line":23,"column":8},"end":{"line":23,"column":22}},"1":{"start":{"line":24,"column":8},"end":{"line":24,"column":24}},"2":{"start":{"line":25,"column":8},"end":{"line":25,"column":23}},"3":{"start":{"line":26,"column":8},"end":{"line":26,"column":29}},"4":{"start":{"line":27,"column":8},"end":{"line":27,"column":32}},"5":{"start":{"line":28,"column":8},"end":{"line":28,"column":26}},"6":{"start":{"line":29,"column":8},"end":{"line":29,"column":28}},"7":{"start":{"line":30,"column":8},"end":{"line":30,"column":40}},"8":{"start":{"line":31,"column":8},"end":{"line":31,"column":41}},"9":{"start":{"line":32,"column":8},"end":{"line":32,"column":28}},"10":{"start":{"line":33,"column":8},"end":{"line":33,"column":22}},"11":{"start":{"line":34,"column":8},"end":{"line":34,"column":28}},"12":{"start":{"line":35,"column":8},"end":{"line":35,"column":27}},"13":{"start":{"line":36,"column":8},"end":{"line":36,"column":28}},"14":{"start":{"line":37,"column":8},"end":{"line":37,"column":27}},"15":{"start":{"line":42,"column":8},"end":{"line":60,"column":9}},"16":{"start":{"line":65,"column":25},"end":{"line":65,"column":45}},"17":{"start":{"line":66,"column":8},"end":{"line":66,"column":36}},"18":{"start":{"line":67,"column":8},"end":{"line":67,"column":40}},"19":{"start":{"line":68,"column":8},"end":{"line":68,"column":38}},"20":{"start":{"line":69,"column":8},"end":{"line":69,"column":50}},"21":{"start":{"line":70,"column":8},"end":{"line":70,"column":56}},"22":{"start":{"line":71,"column":8},"end":{"line":71,"column":44}},"23":{"start":{"line":72,"column":8},"end":{"line":72,"column":48}},"24":{"start":{"line":73,"column":8},"end":{"line":73,"column":72}},"25":{"start":{"line":74,"column":8},"end":{"line":74,"column":74}},"26":{"start":{"line":75,"column":8},"end":{"line":75,"column":46}},"27":{"start":{"line":76,"column":8},"end":{"line":76,"column":36}},"28":{"start":{"line":77,"column":8},"end":{"line":77,"column":46}},"29":{"start":{"line":78,"column":8},"end":{"line":78,"column":44}},"30":{"start":{"line":79,"column":8},"end":{"line":79,"column":46}},"31":{"start":{"line":80,"column":8},"end":{"line":80,"column":38}},"32":{"start":{"line":94,"column":38},"end":{"line":94,"column":53}},"33":{"start":{"line":95,"column":8},"end":{"line":97,"column":9}},"34":{"start":{"line":96,"column":12},"end":{"line":96,"column":69}},"35":{"start":{"line":98,"column":8},"end":{"line":100,"column":9}},"36":{"start":{"line":99,"column":12},"end":{"line":99,"column":65}},"37":{"start":{"line":101,"column":8},"end":{"line":101,"column":54}},"38":{"start":{"line":102,"column":8},"end":{"line":102,"column":46}},"39":{"start":{"line":103,"column":8},"end":{"line":103,"column":54}},"40":{"start":{"line":104,"column":8},"end":{"line":104,"column":28}},"41":{"start":{"line":108,"column":8},"end":{"line":108,"column":26}},"42":{"start":{"line":109,"column":8},"end":{"line":109,"column":27}},"43":{"start":{"line":110,"column":8},"end":{"line":110,"column":30}},"44":{"start":{"line":111,"column":8},"end":{"line":111,"column":26}},"45":{"start":{"line":112,"column":8},"end":{"line":112,"column":31}},"46":{"start":{"line":118,"column":29},"end":{"line":118,"column":52}},"47":{"start":{"line":119,"column":38},"end":{"line":119,"column":40}},"48":{"start":{"line":120,"column":8},"end":{"line":120,"column":27}},"49":{"start":{"line":123,"column":8},"end":{"line":155,"column":9}},"50":{"start":{"line":125,"column":12},"end":{"line":154,"column":13}},"51":{"start":{"line":126,"column":42},"end":{"line":126,"column":60}},"52":{"start":{"line":127,"column":16},"end":{"line":153,"column":17}},"53":{"start":{"line":127,"column":29},"end":{"line":127,"column":40}},"54":{"start":{"line":128,"column":55},"end":{"line":128,"column":83}},"55":{"start":{"line":129,"column":49},"end":{"line":129,"column":51}},"56":{"start":{"line":130,"column":20},"end":{"line":138,"column":21}},"57":{"start":{"line":132,"column":24},"end":{"line":137,"column":25}},"58":{"start":{"line":134,"column":28},"end":{"line":136,"column":29}},"59":{"start":{"line":135,"column":32},"end":{"line":135,"column":60}},"60":{"start":{"line":139,"column":20},"end":{"line":152,"column":21}},"61":{"start":{"line":141,"column":53},"end":{"line":141,"column":114}},"62":{"start":{"line":142,"column":24},"end":{"line":142,"column":76}},"63":{"start":{"line":144,"column":24},"end":{"line":144,"column":61}},"64":{"start":{"line":145,"column":24},"end":{"line":145,"column":57}},"65":{"start":{"line":146,"column":24},"end":{"line":146,"column":30}},"66":{"start":{"line":147,"column":27},"end":{"line":152,"column":21}},"67":{"start":{"line":149,"column":24},"end":{"line":149,"column":69}},"68":{"start":{"line":150,"column":24},"end":{"line":150,"column":61}},"69":{"start":{"line":151,"column":24},"end":{"line":151,"column":50}},"70":{"start":{"line":160,"column":37},"end":{"line":160,"column":39}},"71":{"start":{"line":161,"column":8},"end":{"line":165,"column":9}},"72":{"start":{"line":162,"column":12},"end":{"line":164,"column":13}},"73":{"start":{"line":163,"column":16},"end":{"line":163,"column":42}},"74":{"start":{"line":166,"column":8},"end":{"line":166,"column":28}},"75":{"start":{"line":172,"column":37},"end":{"line":172,"column":39}},"76":{"start":{"line":173,"column":8},"end":{"line":175,"column":9}},"77":{"start":{"line":174,"column":12},"end":{"line":174,"column":52}},"78":{"start":{"line":178,"column":12},"end":{"line":194,"column":13}},"79":{"start":{"line":180,"column":16},"end":{"line":191,"column":17}},"80":{"start":{"line":182,"column":20},"end":{"line":188,"column":21}},"81":{"start":{"line":184,"column":24},"end":{"line":184,"column":92}},"82":{"start":{"line":187,"column":24},"end":{"line":187,"column":76}},"83":{"start":{"line":190,"column":20},"end":{"line":190,"column":90}},"84":{"start":{"line":193,"column":16},"end":{"line":193,"column":62}},"85":{"start":{"line":197,"column":8},"end":{"line":197,"column":38}},"86":{"start":{"line":198,"column":8},"end":{"line":198,"column":28}},"87":{"start":{"line":209,"column":50},"end":{"line":209,"column":52}},"88":{"start":{"line":210,"column":4},"end":{"line":212,"column":5}},"89":{"start":{"line":211,"column":8},"end":{"line":211,"column":57}},"90":{"start":{"line":214,"column":4},"end":{"line":336,"column":5}},"91":{"start":{"line":215,"column":30},"end":{"line":215,"column":69}},"92":{"start":{"line":216,"column":30},"end":{"line":216,"column":69}},"93":{"start":{"line":218,"column":22},"end":{"line":218,"column":35}},"94":{"start":{"line":219,"column":25},"end":{"line":219,"column":38}},"95":{"start":{"line":220,"column":29},"end":{"line":220,"column":34}},"96":{"start":{"line":223,"column":8},"end":{"line":264,"column":9}},"97":{"start":{"line":225,"column":12},"end":{"line":225,"column":44}},"98":{"start":{"line":226,"column":12},"end":{"line":230,"column":13}},"99":{"start":{"line":227,"column":16},"end":{"line":227,"column":66}},"100":{"start":{"line":229,"column":16},"end":{"line":229,"column":66}},"101":{"start":{"line":231,"column":12},"end":{"line":246,"column":13}},"102":{"start":{"line":233,"column":16},"end":{"line":233,"column":30}},"103":{"start":{"line":234,"column":16},"end":{"line":234,"column":31}},"104":{"start":{"line":236,"column":17},"end":{"line":246,"column":13}},"105":{"start":{"line":238,"column":16},"end":{"line":238,"column":30}},"106":{"start":{"line":239,"column":16},"end":{"line":239,"column":31}},"107":{"start":{"line":241,"column":17},"end":{"line":246,"column":13}},"108":{"start":{"line":242,"column":16},"end":{"line":242,"column":31}},"109":{"start":{"line":244,"column":16},"end":{"line":244,"column":62}},"110":{"start":{"line":245,"column":16},"end":{"line":245,"column":32}},"111":{"start":{"line":251,"column":38},"end":{"line":251,"column":40}},"112":{"start":{"line":252,"column":12},"end":{"line":257,"column":13}},"113":{"start":{"line":253,"column":16},"end":{"line":256,"column":17}},"114":{"start":{"line":254,"column":20},"end":{"line":254,"column":41}},"115":{"start":{"line":255,"column":20},"end":{"line":255,"column":26}},"116":{"start":{"line":258,"column":40},"end":{"line":258,"column":72}},"117":{"start":{"line":259,"column":12},"end":{"line":263,"column":13}},"118":{"start":{"line":260,"column":16},"end":{"line":260,"column":35}},"119":{"start":{"line":261,"column":16},"end":{"line":261,"column":35}},"120":{"start":{"line":262,"column":16},"end":{"line":262,"column":29}},"121":{"start":{"line":267,"column":8},"end":{"line":278,"column":9}},"122":{"start":{"line":269,"column":12},"end":{"line":273,"column":13}},"123":{"start":{"line":270,"column":16},"end":{"line":270,"column":66}},"124":{"start":{"line":272,"column":16},"end":{"line":272,"column":66}},"125":{"start":{"line":274,"column":12},"end":{"line":274,"column":25}},"126":{"start":{"line":276,"column":12},"end":{"line":276,"column":29}},"127":{"start":{"line":277,"column":12},"end":{"line":277,"column":33}},"128":{"start":{"line":281,"column":8},"end":{"line":335,"column":9}},"129":{"start":{"line":284,"column":12},"end":{"line":334,"column":13}},"130":{"start":{"line":285,"column":16},"end":{"line":285,"column":35}},"131":{"start":{"line":286,"column":16},"end":{"line":286,"column":35}},"132":{"start":{"line":287,"column":16},"end":{"line":287,"column":38}},"133":{"start":{"line":288,"column":16},"end":{"line":288,"column":38}},"134":{"start":{"line":295,"column":17},"end":{"line":334,"column":13}},"135":{"start":{"line":296,"column":16},"end":{"line":296,"column":33}},"136":{"start":{"line":297,"column":16},"end":{"line":297,"column":33}},"137":{"start":{"line":298,"column":16},"end":{"line":298,"column":35}},"138":{"start":{"line":299,"column":16},"end":{"line":299,"column":35}},"139":{"start":{"line":300,"column":16},"end":{"line":300,"column":37}},"140":{"start":{"line":301,"column":16},"end":{"line":301,"column":37}},"141":{"start":{"line":302,"column":16},"end":{"line":302,"column":39}},"142":{"start":{"line":303,"column":16},"end":{"line":303,"column":39}},"143":{"start":{"line":305,"column":17},"end":{"line":334,"column":13}},"144":{"start":{"line":306,"column":16},"end":{"line":306,"column":33}},"145":{"start":{"line":307,"column":16},"end":{"line":307,"column":33}},"146":{"start":{"line":308,"column":16},"end":{"line":308,"column":35}},"147":{"start":{"line":309,"column":16},"end":{"line":309,"column":35}},"148":{"start":{"line":310,"column":16},"end":{"line":310,"column":37}},"149":{"start":{"line":311,"column":16},"end":{"line":311,"column":37}},"150":{"start":{"line":312,"column":16},"end":{"line":312,"column":39}},"151":{"start":{"line":313,"column":16},"end":{"line":313,"column":39}},"152":{"start":{"line":315,"column":17},"end":{"line":334,"column":13}},"153":{"start":{"line":316,"column":16},"end":{"line":316,"column":33}},"154":{"start":{"line":317,"column":16},"end":{"line":317,"column":33}},"155":{"start":{"line":318,"column":16},"end":{"line":318,"column":35}},"156":{"start":{"line":319,"column":16},"end":{"line":319,"column":35}},"157":{"start":{"line":320,"column":16},"end":{"line":320,"column":37}},"158":{"start":{"line":321,"column":16},"end":{"line":321,"column":37}},"159":{"start":{"line":322,"column":16},"end":{"line":322,"column":39}},"160":{"start":{"line":323,"column":16},"end":{"line":323,"column":39}},"161":{"start":{"line":326,"column":16},"end":{"line":326,"column":33}},"162":{"start":{"line":327,"column":16},"end":{"line":327,"column":33}},"163":{"start":{"line":328,"column":16},"end":{"line":328,"column":35}},"164":{"start":{"line":329,"column":16},"end":{"line":329,"column":35}},"165":{"start":{"line":330,"column":16},"end":{"line":330,"column":37}},"166":{"start":{"line":331,"column":16},"end":{"line":331,"column":37}},"167":{"start":{"line":332,"column":16},"end":{"line":332,"column":39}},"168":{"start":{"line":333,"column":16},"end":{"line":333,"column":39}},"169":{"start":{"line":338,"column":4},"end":{"line":369,"column":5}},"170":{"start":{"line":340,"column":8},"end":{"line":368,"column":9}},"171":{"start":{"line":341,"column":33},"end":{"line":341,"column":50}},"172":{"start":{"line":342,"column":40},"end":{"line":342,"column":42}},"173":{"start":{"line":343,"column":39},"end":{"line":343,"column":41}},"174":{"start":{"line":344,"column":12},"end":{"line":353,"column":13}},"175":{"start":{"line":346,"column":16},"end":{"line":352,"column":17}},"176":{"start":{"line":348,"column":49},"end":{"line":348,"column":123}},"177":{"start":{"line":349,"column":20},"end":{"line":349,"column":66}},"178":{"start":{"line":350,"column":48},"end":{"line":350,"column":134}},"179":{"start":{"line":351,"column":20},"end":{"line":351,"column":64}},"180":{"start":{"line":355,"column":12},"end":{"line":355,"column":34}},"181":{"start":{"line":358,"column":12},"end":{"line":360,"column":15}},"182":{"start":{"line":359,"column":16},"end":{"line":359,"column":58}},"183":{"start":{"line":361,"column":12},"end":{"line":361,"column":65}},"184":{"start":{"line":362,"column":12},"end":{"line":364,"column":15}},"185":{"start":{"line":363,"column":16},"end":{"line":363,"column":57}},"186":{"start":{"line":365,"column":12},"end":{"line":365,"column":63}},"187":{"start":{"line":366,"column":12},"end":{"line":366,"column":105}},"188":{"start":{"line":367,"column":12},"end":{"line":367,"column":66}},"189":{"start":{"line":371,"column":33},"end":{"line":371,"column":48}},"190":{"start":{"line":372,"column":4},"end":{"line":372,"column":34}},"191":{"start":{"line":373,"column":4},"end":{"line":373,"column":58}},"192":{"start":{"line":374,"column":4},"end":{"line":374,"column":46}},"193":{"start":{"line":375,"column":4},"end":{"line":375,"column":23}}},"fnMap":{"0":{"name":"(anonymous_0)","decl":{"start":{"line":22,"column":4},"end":{"line":22,"column":5}},"loc":{"start":{"line":22,"column":18},"end":{"line":38,"column":5}},"line":22},"1":{"name":"(anonymous_1)","decl":{"start":{"line":41,"column":4},"end":{"line":41,"column":5}},"loc":{"start":{"line":41,"column":21},"end":{"line":61,"column":5}},"line":41},"2":{"name":"(anonymous_2)","decl":{"start":{"line":64,"column":4},"end":{"line":64,"column":5}},"loc":{"start":{"line":64,"column":31},"end":{"line":81,"column":5}},"line":64},"3":{"name":"(anonymous_3)","decl":{"start":{"line":93,"column":4},"end":{"line":93,"column":5}},"loc":{"start":{"line":93,"column":22},"end":{"line":105,"column":5}},"line":93},"4":{"name":"(anonymous_4)","decl":{"start":{"line":107,"column":4},"end":{"line":107,"column":5}},"loc":{"start":{"line":107,"column":18},"end":{"line":113,"column":5}},"line":107},"5":{"name":"(anonymous_5)","decl":{"start":{"line":117,"column":4},"end":{"line":117,"column":5}},"loc":{"start":{"line":117,"column":50},"end":{"line":156,"column":5}},"line":117},"6":{"name":"(anonymous_6)","decl":{"start":{"line":159,"column":4},"end":{"line":159,"column":5}},"loc":{"start":{"line":159,"column":56},"end":{"line":167,"column":5}},"line":159},"7":{"name":"(anonymous_7)","decl":{"start":{"line":170,"column":4},"end":{"line":170,"column":5}},"loc":{"start":{"line":170,"column":33},"end":{"line":199,"column":5}},"line":170},"8":{"name":"playerSort","decl":{"start":{"line":177,"column":17},"end":{"line":177,"column":27}},"loc":{"start":{"line":177,"column":50},"end":{"line":196,"column":9}},"line":177},"9":{"name":"SimulateRound","decl":{"start":{"line":207,"column":22},"end":{"line":207,"column":35}},"loc":{"start":{"line":207,"column":116},"end":{"line":376,"column":1}},"line":207},"10":{"name":"(anonymous_10)","decl":{"start":{"line":358,"column":32},"end":{"line":358,"column":33}},"loc":{"start":{"line":358,"column":45},"end":{"line":360,"column":13}},"line":358},"11":{"name":"(anonymous_11)","decl":{"start":{"line":362,"column":31},"end":{"line":362,"column":32}},"loc":{"start":{"line":362,"column":44},"end":{"line":364,"column":13}},"line":362}},"branchMap":{"0":{"loc":{"start":{"line":125,"column":12},"end":{"line":154,"column":13}},"type":"if","locations":[{"start":{"line":125,"column":12},"end":{"line":154,"column":13}},{"start":{},"end":{}}],"line":125},"1":{"loc":{"start":{"line":132,"column":24},"end":{"line":137,"column":25}},"type":"if","locations":[{"start":{"line":132,"column":24},"end":{"line":137,"column":25}},{"start":{},"end":{}}],"line":132},"2":{"loc":{"start":{"line":132,"column":28},"end":{"line":132,"column":101}},"type":"binary-expr","locations":[{"start":{"line":132,"column":28},"end":{"line":132,"column":64}},{"start":{"line":132,"column":68},"end":{"line":132,"column":101}}],"line":132},"3":{"loc":{"start":{"line":134,"column":28},"end":{"line":136,"column":29}},"type":"if","locations":[{"start":{"line":134,"column":28},"end":{"line":136,"column":29}},{"start":{},"end":{}}],"line":134},"4":{"loc":{"start":{"line":139,"column":20},"end":{"line":152,"column":21}},"type":"if","locations":[{"start":{"line":139,"column":20},"end":{"line":152,"column":21}},{"start":{"line":147,"column":27},"end":{"line":152,"column":21}}],"line":139},"5":{"loc":{"start":{"line":147,"column":27},"end":{"line":152,"column":21}},"type":"if","locations":[{"start":{"line":147,"column":27},"end":{"line":152,"column":21}},{"start":{},"end":{}}],"line":147},"6":{"loc":{"start":{"line":162,"column":12},"end":{"line":164,"column":13}},"type":"if","locations":[{"start":{"line":162,"column":12},"end":{"line":164,"column":13}},{"start":{},"end":{}}],"line":162},"7":{"loc":{"start":{"line":178,"column":12},"end":{"line":194,"column":13}},"type":"if","locations":[{"start":{"line":178,"column":12},"end":{"line":194,"column":13}},{"start":{"line":192,"column":19},"end":{"line":194,"column":13}}],"line":178},"8":{"loc":{"start":{"line":180,"column":16},"end":{"line":191,"column":17}},"type":"if","locations":[{"start":{"line":180,"column":16},"end":{"line":191,"column":17}},{"start":{"line":189,"column":23},"end":{"line":191,"column":17}}],"line":180},"9":{"loc":{"start":{"line":182,"column":20},"end":{"line":188,"column":21}},"type":"if","locations":[{"start":{"line":182,"column":20},"end":{"line":188,"column":21}},{"start":{"line":186,"column":27},"end":{"line":188,"column":21}}],"line":182},"10":{"loc":{"start":{"line":184,"column":31},"end":{"line":184,"column":91}},"type":"cond-expr","locations":[{"start":{"line":184,"column":85},"end":{"line":184,"column":87}},{"start":{"line":184,"column":90},"end":{"line":184,"column":91}}],"line":184},"11":{"loc":{"start":{"line":187,"column":31},"end":{"line":187,"column":75}},"type":"cond-expr","locations":[{"start":{"line":187,"column":69},"end":{"line":187,"column":71}},{"start":{"line":187,"column":74},"end":{"line":187,"column":75}}],"line":187},"12":{"loc":{"start":{"line":190,"column":27},"end":{"line":190,"column":89}},"type":"cond-expr","locations":[{"start":{"line":190,"column":83},"end":{"line":190,"column":85}},{"start":{"line":190,"column":88},"end":{"line":190,"column":89}}],"line":190},"13":{"loc":{"start":{"line":193,"column":23},"end":{"line":193,"column":61}},"type":"cond-expr","locations":[{"start":{"line":193,"column":55},"end":{"line":193,"column":57}},{"start":{"line":193,"column":60},"end":{"line":193,"column":61}}],"line":193},"14":{"loc":{"start":{"line":223,"column":8},"end":{"line":264,"column":9}},"type":"if","locations":[{"start":{"line":223,"column":8},"end":{"line":264,"column":9}},{"start":{"line":248,"column":15},"end":{"line":264,"column":9}}],"line":223},"15":{"loc":{"start":{"line":223,"column":12},"end":{"line":223,"column":84}},"type":"binary-expr","locations":[{"start":{"line":223,"column":12},"end":{"line":223,"column":46}},{"start":{"line":223,"column":50},"end":{"line":223,"column":84}}],"line":223},"16":{"loc":{"start":{"line":226,"column":12},"end":{"line":230,"column":13}},"type":"if","locations":[{"start":{"line":226,"column":12},"end":{"line":230,"column":13}},{"start":{"line":228,"column":19},"end":{"line":230,"column":13}}],"line":226},"17":{"loc":{"start":{"line":231,"column":12},"end":{"line":246,"column":13}},"type":"if","locations":[{"start":{"line":231,"column":12},"end":{"line":246,"column":13}},{"start":{"line":236,"column":17},"end":{"line":246,"column":13}}],"line":231},"18":{"loc":{"start":{"line":236,"column":17},"end":{"line":246,"column":13}},"type":"if","locations":[{"start":{"line":236,"column":17},"end":{"line":246,"column":13}},{"start":{"line":241,"column":17},"end":{"line":246,"column":13}}],"line":236},"19":{"loc":{"start":{"line":241,"column":17},"end":{"line":246,"column":13}},"type":"if","locations":[{"start":{"line":241,"column":17},"end":{"line":246,"column":13}},{"start":{"line":243,"column":19},"end":{"line":246,"column":13}}],"line":241},"20":{"loc":{"start":{"line":253,"column":16},"end":{"line":256,"column":17}},"type":"if","locations":[{"start":{"line":253,"column":16},"end":{"line":256,"column":17}},{"start":{},"end":{}}],"line":253},"21":{"loc":{"start":{"line":259,"column":12},"end":{"line":263,"column":13}},"type":"if","locations":[{"start":{"line":259,"column":12},"end":{"line":263,"column":13}},{"start":{},"end":{}}],"line":259},"22":{"loc":{"start":{"line":259,"column":16},"end":{"line":259,"column":94}},"type":"binary-expr","locations":[{"start":{"line":259,"column":16},"end":{"line":259,"column":53}},{"start":{"line":259,"column":57},"end":{"line":259,"column":94}}],"line":259},"23":{"loc":{"start":{"line":267,"column":8},"end":{"line":278,"column":9}},"type":"if","locations":[{"start":{"line":267,"column":8},"end":{"line":278,"column":9}},{"start":{},"end":{}}],"line":267},"24":{"loc":{"start":{"line":267,"column":12},"end":{"line":267,"column":70}},"type":"binary-expr","locations":[{"start":{"line":267,"column":12},"end":{"line":267,"column":39}},{"start":{"line":267,"column":43},"end":{"line":267,"column":70}}],"line":267},"25":{"loc":{"start":{"line":269,"column":12},"end":{"line":273,"column":13}},"type":"if","locations":[{"start":{"line":269,"column":12},"end":{"line":273,"column":13}},{"start":{"line":271,"column":19},"end":{"line":273,"column":13}}],"line":269},"26":{"loc":{"start":{"line":281,"column":8},"end":{"line":335,"column":9}},"type":"if","locations":[{"start":{"line":281,"column":8},"end":{"line":335,"column":9}},{"start":{},"end":{}}],"line":281},"27":{"loc":{"start":{"line":284,"column":12},"end":{"line":334,"column":13}},"type":"if","locations":[{"start":{"line":284,"column":12},"end":{"line":334,"column":13}},{"start":{"line":295,"column":17},"end":{"line":334,"column":13}}],"line":284},"28":{"loc":{"start":{"line":295,"column":17},"end":{"line":334,"column":13}},"type":"if","locations":[{"start":{"line":295,"column":17},"end":{"line":334,"column":13}},{"start":{"line":305,"column":17},"end":{"line":334,"column":13}}],"line":295},"29":{"loc":{"start":{"line":305,"column":17},"end":{"line":334,"column":13}},"type":"if","locations":[{"start":{"line":305,"column":17},"end":{"line":334,"column":13}},{"start":{"line":315,"column":17},"end":{"line":334,"column":13}}],"line":305},"30":{"loc":{"start":{"line":305,"column":21},"end":{"line":305,"column":54}},"type":"binary-expr","locations":[{"start":{"line":305,"column":21},"end":{"line":305,"column":36}},{"start":{"line":305,"column":40},"end":{"line":305,"column":54}}],"line":305},"31":{"loc":{"start":{"line":315,"column":17},"end":{"line":334,"column":13}},"type":"if","locations":[{"start":{"line":315,"column":17},"end":{"line":334,"column":13}},{"start":{"line":325,"column":17},"end":{"line":334,"column":13}}],"line":315},"32":{"loc":{"start":{"line":315,"column":21},"end":{"line":315,"column":54}},"type":"binary-expr","locations":[{"start":{"line":315,"column":21},"end":{"line":315,"column":36}},{"start":{"line":315,"column":40},"end":{"line":315,"column":54}}],"line":315},"33":{"loc":{"start":{"line":340,"column":8},"end":{"line":368,"column":9}},"type":"if","locations":[{"start":{"line":340,"column":8},"end":{"line":368,"column":9}},{"start":{},"end":{}}],"line":340},"34":{"loc":{"start":{"line":346,"column":16},"end":{"line":352,"column":17}},"type":"if","locations":[{"start":{"line":346,"column":16},"end":{"line":352,"column":17}},{"start":{},"end":{}}],"line":346}},"s":{"0":3,"1":3,"2":3,"3":3,"4":3,"5":3,"6":3,"7":3,"8":3,"9":3,"10":3,"11":3,"12":3,"13":3,"14":3,"15":2,"16":4,"17":4,"18":4,"19":4,"20":4,"21":4,"22":4,"23":4,"24":4,"25":4,"26":4,"27":4,"28":4,"29":4,"30":4,"31":4,"32":0,"33":0,"34":0,"35":0,"36":0,"37":0,"38":0,"39":0,"40":0,"41":1,"42":1,"43":1,"44":1,"45":1,"46":0,"47":0,"48":0,"49":0,"50":0,"51":0,"52":0,"53":0,"54":0,"55":0,"56":0,"57":0,"58":0,"59":0,"60":0,"61":0,"62":0,"63":0,"64":0,"65":0,"66":0,"67":0,"68":0,"69":0,"70":0,"71":0,"72":0,"73":0,"74":0,"75":0,"76":0,"77":0,"78":0,"79":0,"80":0,"81":0,"82":0,"83":0,"84":0,"85":0,"86":0,"87":0,"88":0,"89":0,"90":0,"91":0,"92":0,"93":0,"94":0,"95":0,"96":0,"97":0,"98":0,"99":0,"100":0,"101":0,"102":0,"103":0,"104":0,"105":0,"106":0,"107":0,"108":0,"109":0,"110":0,"111":0,"112":0,"113":0,"114":0,"115":0,"116":0,"117":0,"118":0,"119":0,"120":0,"121":0,"122":0,"123":0,"124":0,"125":0,"126":0,"127":0,"128":0,"129":0,"130":0,"131":0,"132":0,"133":0,"134":0,"135":0,"136":0,"137":0,"138":0,"139":0,"140":0,"141":0,"142":0,"143":0,"144":0,"145":0,"146":0,"147":0,"148":0,"149":0,"150":0,"151":0,"152":0,"153":0,"154":0,"155":0,"156":0,"157":0,"158":0,"159":0,"160":0,"161":0,"162":0,"163":0,"164":0,"165":0,"166":0,"167":0,"168":0,"169":0,"170":0,"171":0,"172":0,"173":0,"174":0,"175":0,"176":0,"177":0,"178":0,"179":0,"180":0,"181":0,"182":0,"183":0,"184":0,"185":0,"186":0,"187":0,"188":0,"189":0,"190":0,"191":0,"192":0,"193":0},"f":{"0":3,"1":2,"2":4,"3":0,"4":1,"5":0,"6":0,"7":0,"8":0,"9":0,"10":0,"11":0},"b":{"0":[0,0],"1":[0,0],"2":[0,0],"3":[0,0],"4":[0,0],"5":[0,0],"6":[0,0],"7":[0,0],"8":[0,0],"9":[0,0],"10":[0,0],"11":[0,0],"12":[0,0],"13":[0,0],"14":[0,0],"15":[0,0],"16":[0,0],"17":[0,0],"18":[0,0],"19":[0,0],"20":[0,0],"21":[0,0],"22":[0,0],"23":[0,0],"24":[0,0],"25":[0,0],"26":[0,0],"27":[0,0],"28":[0,0],"29":[0,0],"30":[0,0],"31":[0,0],"32":[0,0],"33":[0,0],"34":[0,0]},"_coverageSchema":"1a1c01bbd47fc00a2c39e90264f33305004495a9","hash":"06cca2f4833cad508baf339c7278de50b6788cf9"}
}
