TN:
SF:core/gamestate.tsx
FN:22,(anonymous_0)
FN:41,(anonymous_1)
FN:64,(anonymous_2)
FN:93,(anonymous_3)
FN:107,(anonymous_4)
FN:117,(anonymous_5)
FN:159,(anonymous_6)
FN:170,(anonymous_7)
FN:177,playerSort
FN:207,SimulateRound
FN:358,(anonymous_10)
FN:362,(anonymous_11)
FNF:12
FNH:4
FNDA:3,(anonymous_0)
FNDA:2,(anonymous_1)
FNDA:4,(anonymous_2)
FNDA:0,(anonymous_3)
FNDA:1,(anonymous_4)
FNDA:0,(anonymous_5)
FNDA:0,(anonymous_6)
FNDA:0,(anonymous_7)
FNDA:0,playerSort
FNDA:0,SimulateRound
FNDA:0,(anonymous_10)
FNDA:0,(anonymous_11)
DA:23,3
DA:24,3
DA:25,3
DA:26,3
DA:27,3
DA:28,3
DA:29,3
DA:30,3
DA:31,3
DA:32,3
DA:33,3
DA:34,3
DA:35,3
DA:36,3
DA:37,3
DA:42,2
DA:65,4
DA:66,4
DA:67,4
DA:68,4
DA:69,4
DA:70,4
DA:71,4
DA:72,4
DA:73,4
DA:74,4
DA:75,4
DA:76,4
DA:77,4
DA:78,4
DA:79,4
DA:80,4
DA:94,0
DA:95,0
DA:96,0
DA:98,0
DA:99,0
DA:101,0
DA:102,0
DA:103,0
DA:104,0
DA:108,1
DA:109,1
DA:110,1
DA:111,1
DA:112,1
DA:118,0
DA:119,0
DA:120,0
DA:123,0
DA:125,0
DA:126,0
DA:127,0
DA:128,0
DA:129,0
DA:130,0
DA:132,0
DA:134,0
DA:135,0
DA:139,0
DA:141,0
DA:142,0
DA:144,0
DA:145,0
DA:146,0
DA:147,0
DA:149,0
DA:150,0
DA:151,0
DA:160,0
DA:161,0
DA:162,0
DA:163,0
DA:166,0
DA:172,0
DA:173,0
DA:174,0
DA:178,0
DA:180,0
DA:182,0
DA:184,0
DA:187,0
DA:190,0
DA:193,0
DA:197,0
DA:198,0
DA:209,0
DA:210,0
DA:211,0
DA:214,0
DA:215,0
DA:216,0
DA:218,0
DA:219,0
DA:220,0
DA:223,0
DA:225,0
DA:226,0
DA:227,0
DA:229,0
DA:231,0
DA:233,0
DA:234,0
DA:236,0
DA:238,0
DA:239,0
DA:241,0
DA:242,0
DA:244,0
DA:245,0
DA:251,0
DA:252,0
DA:253,0
DA:254,0
DA:255,0
DA:258,0
DA:259,0
DA:260,0
DA:261,0
DA:262,0
DA:267,0
DA:269,0
DA:270,0
DA:272,0
DA:274,0
DA:276,0
DA:277,0
DA:281,0
DA:284,0
DA:285,0
DA:286,0
DA:287,0
DA:288,0
DA:295,0
DA:296,0
DA:297,0
DA:298,0
DA:299,0
DA:300,0
DA:301,0
DA:302,0
DA:303,0
DA:305,0
DA:306,0
DA:307,0
DA:308,0
DA:309,0
DA:310,0
DA:311,0
DA:312,0
DA:313,0
DA:315,0
DA:316,0
DA:317,0
DA:318,0
DA:319,0
DA:320,0
DA:321,0
DA:322,0
DA:323,0
DA:326,0
DA:327,0
DA:328,0
DA:329,0
DA:330,0
DA:331,0
DA:332,0
DA:333,0
DA:338,0
DA:340,0
DA:341,0
DA:342,0
DA:343,0
DA:344,0
DA:346,0
DA:348,0
DA:349,0
DA:350,0
DA:351,0
DA:355,0
DA:358,0
DA:359,0
DA:361,0
DA:362,0
DA:363,0
DA:365,0
DA:366,0
DA:367,0
DA:371,0
DA:372,0
DA:373,0
DA:374,0
DA:375,0
LF:193
LH:37
BRDA:125,0,0,0
BRDA:125,0,1,0
BRDA:132,1,0,0
BRDA:132,1,1,0
BRDA:132,2,0,0
BRDA:132,2,1,0
BRDA:134,3,0,0
BRDA:134,3,1,0
BRDA:139,4,0,0
BRDA:139,4,1,0
BRDA:147,5,0,0
BRDA:147,5,1,0
BRDA:162,6,0,0
BRDA:162,6,1,0
BRDA:178,7,0,0
BRDA:178,7,1,0
BRDA:180,8,0,0
BRDA:180,8,1,0
BRDA:182,9,0,0
BRDA:182,9,1,0
BRDA:184,10,0,0
BRDA:184,10,1,0
BRDA:187,11,0,0
BRDA:187,11,1,0
BRDA:190,12,0,0
BRDA:190,12,1,0
BRDA:193,13,0,0
BRDA:193,13,1,0
BRDA:223,14,0,0
BRDA:223,14,1,0
BRDA:223,15,0,0
BRDA:223,15,1,0
BRDA:226,16,0,0
BRDA:226,16,1,0
BRDA:231,17,0,0
BRDA:231,17,1,0
BRDA:236,18,0,0
BRDA:236,18,1,0
BRDA:241,19,0,0
BRDA:241,19,1,0
BRDA:253,20,0,0
BRDA:253,20,1,0
BRDA:259,21,0,0
BRDA:259,21,1,0
BRDA:259,22,0,0
BRDA:259,22,1,0
BRDA:267,23,0,0
BRDA:267,23,1,0
BRDA:267,24,0,0
BRDA:267,24,1,0
BRDA:269,25,0,0
BRDA:269,25,1,0
BRDA:281,26,0,0
BRDA:281,26,1,0
BRDA:284,27,0,0
BRDA:284,27,1,0
BRDA:295,28,0,0
BRDA:295,28,1,0
BRDA:305,29,0,0
BRDA:305,29,1,0
BRDA:305,30,0,0
BRDA:305,30,1,0
BRDA:315,31,0,0
BRDA:315,31,1,0
BRDA:315,32,0,0
BRDA:315,32,1,0
BRDA:340,33,0,0
BRDA:340,33,1,0
BRDA:346,34,0,0
BRDA:346,34,1,0
BRF:70
BRH:0
end_of_record
